<?xml version="1.0"?>
<!DOCTYPE coverage SYSTEM "http://cobertura.sourceforge.net/xml/coverage-04.dtd">

<coverage line-rate="0.323943661971831" branch-rate="0.02631578947368421" lines-covered="46" lines-valid="142" branches-covered="1" branches-valid="38" complexity="1.3174603174603174" version="1.9.4.1" timestamp="1472737332529">
	<sources>
		<source>--source</source>
		<source>/home/TranTTB/SampleJob/SourceCode/SampleWebApplication/src/main/java</source>
	</sources>
	<packages>
		<package name="fpt.dir.sampleweb.model" line-rate="0.9090909090909091" branch-rate="1.0" complexity="1.0">
			<classes>
				<class name="fpt.dir.sampleweb.model.AppUser" filename="fpt/dir/sampleweb/model/AppUser.java" line-rate="0.8695652173913043" branch-rate="1.0" complexity="1.0">
					<methods>
						<method name="&lt;init&gt;" signature="()V" line-rate="1.0" branch-rate="1.0">
							<lines>
								<line number="24" hits="27" branch="false"/>
								<line number="31" hits="27" branch="false"/>
							</lines>
						</method>
						<method name="getActive" signature="()Ljava/lang/Boolean;" line-rate="1.0" branch-rate="1.0">
							<lines>
								<line number="162" hits="13" branch="false"/>
							</lines>
						</method>
						<method name="getEmail" signature="()Ljava/lang/String;" line-rate="1.0" branch-rate="1.0">
							<lines>
								<line number="143" hits="13" branch="false"/>
							</lines>
						</method>
						<method name="getId" signature="()Ljava/lang/Long;" line-rate="1.0" branch-rate="1.0">
							<lines>
								<line number="43" hits="19" branch="false"/>
							</lines>
						</method>
						<method name="getPassword" signature="()Ljava/lang/String;" line-rate="1.0" branch-rate="1.0">
							<lines>
								<line number="81" hits="13" branch="false"/>
							</lines>
						</method>
						<method name="getPasswordConfirm" signature="()Ljava/lang/String;" line-rate="0.0" branch-rate="1.0">
							<lines>
								<line number="101" hits="0" branch="false"/>
							</lines>
						</method>
						<method name="getRoles" signature="()Ljava/util/Set;" line-rate="1.0" branch-rate="1.0">
							<lines>
								<line number="124" hits="13" branch="false"/>
							</lines>
						</method>
						<method name="getUsername" signature="()Ljava/lang/String;" line-rate="1.0" branch-rate="1.0">
							<lines>
								<line number="62" hits="15" branch="false"/>
							</lines>
						</method>
						<method name="setActive" signature="(Ljava/lang/Boolean;)V" line-rate="1.0" branch-rate="1.0">
							<lines>
								<line number="171" hits="19" branch="false"/>
								<line number="172" hits="19" branch="false"/>
							</lines>
						</method>
						<method name="setEmail" signature="(Ljava/lang/String;)V" line-rate="1.0" branch-rate="1.0">
							<lines>
								<line number="152" hits="25" branch="false"/>
								<line number="153" hits="25" branch="false"/>
							</lines>
						</method>
						<method name="setId" signature="(Ljava/lang/Long;)V" line-rate="1.0" branch-rate="1.0">
							<lines>
								<line number="52" hits="18" branch="false"/>
								<line number="53" hits="18" branch="false"/>
							</lines>
						</method>
						<method name="setPassword" signature="(Ljava/lang/String;)V" line-rate="1.0" branch-rate="1.0">
							<lines>
								<line number="90" hits="25" branch="false"/>
								<line number="91" hits="25" branch="false"/>
							</lines>
						</method>
						<method name="setPasswordConfirm" signature="(Ljava/lang/String;)V" line-rate="0.0" branch-rate="1.0">
							<lines>
								<line number="110" hits="0" branch="false"/>
								<line number="111" hits="0" branch="false"/>
							</lines>
						</method>
						<method name="setRoles" signature="(Ljava/util/Set;)V" line-rate="1.0" branch-rate="1.0">
							<lines>
								<line number="133" hits="10" branch="false"/>
								<line number="134" hits="10" branch="false"/>
							</lines>
						</method>
						<method name="setUsername" signature="(Ljava/lang/String;)V" line-rate="1.0" branch-rate="1.0">
							<lines>
								<line number="71" hits="25" branch="false"/>
								<line number="72" hits="25" branch="false"/>
							</lines>
						</method>
					</methods>
					<lines>
						<line number="24" hits="27" branch="false"/>
						<line number="31" hits="27" branch="false"/>
						<line number="43" hits="19" branch="false"/>
						<line number="52" hits="18" branch="false"/>
						<line number="53" hits="18" branch="false"/>
						<line number="62" hits="15" branch="false"/>
						<line number="71" hits="25" branch="false"/>
						<line number="72" hits="25" branch="false"/>
						<line number="81" hits="13" branch="false"/>
						<line number="90" hits="25" branch="false"/>
						<line number="91" hits="25" branch="false"/>
						<line number="101" hits="0" branch="false"/>
						<line number="110" hits="0" branch="false"/>
						<line number="111" hits="0" branch="false"/>
						<line number="124" hits="13" branch="false"/>
						<line number="133" hits="10" branch="false"/>
						<line number="134" hits="10" branch="false"/>
						<line number="143" hits="13" branch="false"/>
						<line number="152" hits="25" branch="false"/>
						<line number="153" hits="25" branch="false"/>
						<line number="162" hits="13" branch="false"/>
						<line number="171" hits="19" branch="false"/>
						<line number="172" hits="19" branch="false"/>
					</lines>
				</class>
				<class name="fpt.dir.sampleweb.model.Role" filename="fpt/dir/sampleweb/model/Role.java" line-rate="1.0" branch-rate="1.0" complexity="1.0">
					<methods>
						<method name="&lt;init&gt;" signature="()V" line-rate="1.0" branch-rate="1.0">
							<lines>
								<line number="21" hits="8" branch="false"/>
							</lines>
						</method>
						<method name="getId" signature="()Ljava/lang/Long;" line-rate="1.0" branch-rate="1.0">
							<lines>
								<line number="35" hits="6" branch="false"/>
							</lines>
						</method>
						<method name="getName" signature="()Ljava/lang/String;" line-rate="1.0" branch-rate="1.0">
							<lines>
								<line number="54" hits="10" branch="false"/>
							</lines>
						</method>
						<method name="getUsers" signature="()Ljava/util/Set;" line-rate="1.0" branch-rate="1.0">
							<lines>
								<line number="74" hits="10" branch="false"/>
							</lines>
						</method>
						<method name="setId" signature="(Ljava/lang/Long;)V" line-rate="1.0" branch-rate="1.0">
							<lines>
								<line number="44" hits="7" branch="false"/>
								<line number="45" hits="7" branch="false"/>
							</lines>
						</method>
						<method name="setName" signature="(Ljava/lang/String;)V" line-rate="1.0" branch-rate="1.0">
							<lines>
								<line number="63" hits="7" branch="false"/>
								<line number="64" hits="7" branch="false"/>
							</lines>
						</method>
						<method name="setUsers" signature="(Ljava/util/Set;)V" line-rate="1.0" branch-rate="1.0">
							<lines>
								<line number="84" hits="7" branch="false"/>
								<line number="85" hits="7" branch="false"/>
							</lines>
						</method>
					</methods>
					<lines>
						<line number="21" hits="8" branch="false"/>
						<line number="35" hits="6" branch="false"/>
						<line number="44" hits="7" branch="false"/>
						<line number="45" hits="7" branch="false"/>
						<line number="54" hits="10" branch="false"/>
						<line number="63" hits="7" branch="false"/>
						<line number="64" hits="7" branch="false"/>
						<line number="74" hits="10" branch="false"/>
						<line number="84" hits="7" branch="false"/>
						<line number="85" hits="7" branch="false"/>
					</lines>
				</class>
			</classes>
		</package>
		<package name="fpt.dir.sampleweb.repository" line-rate="1.0" branch-rate="1.0" complexity="1.0">
			<classes>
				<class name="fpt.dir.sampleweb.repository.RoleRepository" filename="fpt/dir/sampleweb/repository/RoleRepository.java" line-rate="1.0" branch-rate="1.0" complexity="1.0">
					<methods>
					</methods>
					<lines>
					</lines>
				</class>
				<class name="fpt.dir.sampleweb.repository.UserRepository" filename="fpt/dir/sampleweb/repository/UserRepository.java" line-rate="1.0" branch-rate="1.0" complexity="1.0">
					<methods>
					</methods>
					<lines>
					</lines>
				</class>
			</classes>
		</package>
		<package name="fpt.dir.sampleweb.service" line-rate="0.47058823529411764" branch-rate="0.125" complexity="1.1875">
			<classes>
				<class name="fpt.dir.sampleweb.service.UserDetailsServiceImpl" filename="fpt/dir/sampleweb/service/UserDetailsServiceImpl.java" line-rate="0.14285714285714285" branch-rate="0.0" complexity="0.0">
					<methods>
						<method name="&lt;init&gt;" signature="()V" line-rate="1.0" branch-rate="1.0">
							<lines>
								<line number="28" hits="1" branch="false"/>
							</lines>
						</method>
						<method name="loadUserByUsername" signature="(Ljava/lang/String;)Lorg/springframework/security/core/userdetails/UserDetails;" line-rate="0.0" branch-rate="0.0">
							<lines>
								<line number="44" hits="0" branch="false"/>
								<line number="46" hits="0" branch="false"/>
								<line number="48" hits="0" branch="true" condition-coverage="0% (0/2)">
									<conditions>
										<condition number="0" type="jump" coverage="0%"/>
									</conditions>
								</line>
								<line number="50" hits="0" branch="false"/>
								<line number="52" hits="0" branch="false"/>
								<line number="54" hits="0" branch="false"/>
							</lines>
						</method>
					</methods>
					<lines>
						<line number="28" hits="1" branch="false"/>
						<line number="44" hits="0" branch="false"/>
						<line number="46" hits="0" branch="false"/>
						<line number="48" hits="0" branch="true" condition-coverage="0% (0/2)">
							<conditions>
								<condition number="0" type="jump" coverage="0%"/>
							</conditions>
						</line>
						<line number="50" hits="0" branch="false"/>
						<line number="52" hits="0" branch="false"/>
						<line number="54" hits="0" branch="false"/>
					</lines>
				</class>
				<class name="fpt.dir.sampleweb.service.UserService" filename="fpt/dir/sampleweb/service/UserService.java" line-rate="1.0" branch-rate="1.0" complexity="1.0">
					<methods>
					</methods>
					<lines>
					</lines>
				</class>
				<class name="fpt.dir.sampleweb.service.UserServiceImpl" filename="fpt/dir/sampleweb/service/UserServiceImpl.java" line-rate="0.5555555555555556" branch-rate="0.16666666666666666" complexity="1.375">
					<methods>
						<method name="&lt;init&gt;" signature="()V" line-rate="1.0" branch-rate="1.0">
							<lines>
								<line number="26" hits="7" branch="false"/>
							</lines>
						</method>
						<method name="delete" signature="(J)Lfpt/dir/sampleweb/model/AppUser;" line-rate="1.0" branch-rate="1.0">
							<lines>
								<line number="104" hits="1" branch="false"/>
								<line number="106" hits="1" branch="false"/>
								<line number="108" hits="1" branch="false"/>
								<line number="110" hits="1" branch="false"/>
								<line number="112" hits="1" branch="false"/>
							</lines>
						</method>
						<method name="delete" signature="(Lfpt/dir/sampleweb/model/AppUser;)Lfpt/dir/sampleweb/model/AppUser;" line-rate="1.0" branch-rate="1.0">
							<lines>
								<line number="119" hits="1" branch="false"/>
								<line number="121" hits="1" branch="false"/>
								<line number="123" hits="1" branch="false"/>
							</lines>
						</method>
						<method name="findAll" signature="()Ljava/util/List;" line-rate="0.4444444444444444" branch-rate="0.16666666666666666">
							<lines>
								<line number="76" hits="1" branch="false"/>
								<line number="79" hits="1" branch="false"/>
								<line number="81" hits="1" branch="true" condition-coverage="50% (1/2)">
									<conditions>
										<condition number="0" type="jump" coverage="50%"/>
									</conditions>
								</line>
								<line number="83" hits="0" branch="false"/>
								<line number="85" hits="0" branch="true" condition-coverage="0% (0/2)">
									<conditions>
										<condition number="0" type="jump" coverage="0%"/>
									</conditions>
								</line>
								<line number="87" hits="0" branch="true" condition-coverage="0% (0/2)">
									<conditions>
										<condition number="0" type="jump" coverage="0%"/>
									</conditions>
								</line>
								<line number="89" hits="0" branch="false"/>
								<line number="93" hits="0" branch="false"/>
								<line number="97" hits="1" branch="false"/>
							</lines>
						</method>
						<method name="findById" signature="(J)Lfpt/dir/sampleweb/model/AppUser;" line-rate="0.0" branch-rate="1.0">
							<lines>
								<line number="62" hits="0" branch="false"/>
							</lines>
						</method>
						<method name="findByIdAndActiveTrue" signature="(J)Lfpt/dir/sampleweb/model/AppUser;" line-rate="1.0" branch-rate="1.0">
							<lines>
								<line number="69" hits="2" branch="false"/>
							</lines>
						</method>
						<method name="findByUsername" signature="(Ljava/lang/String;)Lfpt/dir/sampleweb/model/AppUser;" line-rate="0.0" branch-rate="1.0">
							<lines>
								<line number="56" hits="0" branch="false"/>
							</lines>
						</method>
						<method name="findByUsernameAndActiveTrue" signature="(Ljava/lang/String;)Lfpt/dir/sampleweb/model/AppUser;" line-rate="1.0" branch-rate="1.0">
							<lines>
								<line number="51" hits="6" branch="false"/>
							</lines>
						</method>
						<method name="save" signature="(Lfpt/dir/sampleweb/model/AppUser;)Lfpt/dir/sampleweb/model/AppUser;" line-rate="0.0" branch-rate="1.0">
							<lines>
								<line number="38" hits="0" branch="false"/>
								<line number="40" hits="0" branch="false"/>
								<line number="42" hits="0" branch="false"/>
								<line number="44" hits="0" branch="false"/>
								<line number="46" hits="0" branch="false"/>
							</lines>
						</method>
					</methods>
					<lines>
						<line number="26" hits="7" branch="false"/>
						<line number="38" hits="0" branch="false"/>
						<line number="40" hits="0" branch="false"/>
						<line number="42" hits="0" branch="false"/>
						<line number="44" hits="0" branch="false"/>
						<line number="46" hits="0" branch="false"/>
						<line number="51" hits="6" branch="false"/>
						<line number="56" hits="0" branch="false"/>
						<line number="62" hits="0" branch="false"/>
						<line number="69" hits="2" branch="false"/>
						<line number="76" hits="1" branch="false"/>
						<line number="79" hits="1" branch="false"/>
						<line number="81" hits="1" branch="true" condition-coverage="50% (1/2)">
							<conditions>
								<condition number="0" type="jump" coverage="50%"/>
							</conditions>
						</line>
						<line number="83" hits="0" branch="false"/>
						<line number="85" hits="0" branch="true" condition-coverage="0% (0/2)">
							<conditions>
								<condition number="0" type="jump" coverage="0%"/>
							</conditions>
						</line>
						<line number="87" hits="0" branch="true" condition-coverage="0% (0/2)">
							<conditions>
								<condition number="0" type="jump" coverage="0%"/>
							</conditions>
						</line>
						<line number="89" hits="0" branch="false"/>
						<line number="93" hits="0" branch="false"/>
						<line number="97" hits="1" branch="false"/>
						<line number="104" hits="1" branch="false"/>
						<line number="106" hits="1" branch="false"/>
						<line number="108" hits="1" branch="false"/>
						<line number="110" hits="1" branch="false"/>
						<line number="112" hits="1" branch="false"/>
						<line number="119" hits="1" branch="false"/>
						<line number="121" hits="1" branch="false"/>
						<line number="123" hits="1" branch="false"/>
					</lines>
				</class>
			</classes>
		</package>
		<package name="fpt.dir.sampleweb.validator" line-rate="0.0" branch-rate="0.0" complexity="1.9090909090909092">
			<classes>
				<class name="fpt.dir.sampleweb.validator.UserValidator" filename="fpt/dir/sampleweb/validator/UserValidator.java" line-rate="0.0" branch-rate="0.0" complexity="1.9090909090909092">
					<methods>
						<method name="&lt;init&gt;" signature="()V" line-rate="0.0" branch-rate="1.0">
							<lines>
								<line number="39" hits="0" branch="false"/>
							</lines>
						</method>
						<method name="supports" signature="(Ljava/lang/Class;)Z" line-rate="0.0" branch-rate="1.0">
							<lines>
								<line number="67" hits="0" branch="false"/>
							</lines>
						</method>
						<method name="validate" signature="(Ljava/lang/Object;Lorg/springframework/validation/Errors;)V" line-rate="0.0" branch-rate="1.0">
							<lines>
								<line number="85" hits="0" branch="false"/>
								<line number="87" hits="0" branch="false"/>
								<line number="88" hits="0" branch="false"/>
								<line number="89" hits="0" branch="false"/>
								<line number="90" hits="0" branch="false"/>
								<line number="92" hits="0" branch="false"/>
							</lines>
						</method>
						<method name="validateEmailIsEmpty" signature="(Lorg/springframework/validation/Errors;)V" line-rate="0.0" branch-rate="1.0">
							<lines>
								<line number="128" hits="0" branch="false"/>
								<line number="130" hits="0" branch="false"/>
							</lines>
						</method>
						<method name="validateEmailIsValid" signature="(Lfpt/dir/sampleweb/model/AppUser;Lorg/springframework/validation/Errors;)V" line-rate="0.0" branch-rate="0.0">
							<lines>
								<line number="156" hits="0" branch="false"/>
								<line number="160" hits="0" branch="false"/>
								<line number="162" hits="0" branch="true" condition-coverage="0% (0/4)">
									<conditions>
										<condition number="0" type="jump" coverage="0%"/>
										<condition number="1" type="jump" coverage="0%"/>
									</conditions>
								</line>
								<line number="164" hits="0" branch="false"/>
								<line number="168" hits="0" branch="false"/>
							</lines>
						</method>
						<method name="validateNoUserName" signature="(Lfpt/dir/sampleweb/model/AppUser;Lorg/springframework/validation/Errors;)V" line-rate="0.0" branch-rate="1.0">
							<lines>
								<line number="107" hits="0" branch="false"/>
								<line number="108" hits="0" branch="false"/>
								<line number="109" hits="0" branch="false"/>
								<line number="110" hits="0" branch="false"/>
								<line number="111" hits="0" branch="false"/>
								<line number="113" hits="0" branch="false"/>
							</lines>
						</method>
						<method name="validatePasswordConfirmIsMatched" signature="(Lfpt/dir/sampleweb/model/AppUser;Lorg/springframework/validation/Errors;)V" line-rate="0.0" branch-rate="0.0">
							<lines>
								<line number="184" hits="0" branch="true" condition-coverage="0% (0/2)">
									<conditions>
										<condition number="0" type="jump" coverage="0%"/>
									</conditions>
								</line>
								<line number="186" hits="0" branch="false"/>
								<line number="190" hits="0" branch="false"/>
							</lines>
						</method>
						<method name="validatePasswordIsEmpty" signature="(Lorg/springframework/validation/Errors;)V" line-rate="0.0" branch-rate="1.0">
							<lines>
								<line number="229" hits="0" branch="false"/>
								<line number="231" hits="0" branch="false"/>
							</lines>
						</method>
						<method name="validatePasswordSize" signature="(Lfpt/dir/sampleweb/model/AppUser;Lorg/springframework/validation/Errors;)V" line-rate="0.0" branch-rate="0.0">
							<lines>
								<line number="207" hits="0" branch="true" condition-coverage="0% (0/6)">
									<conditions>
										<condition number="0" type="jump" coverage="0%"/>
										<condition number="1" type="jump" coverage="0%"/>
										<condition number="2" type="jump" coverage="0%"/>
									</conditions>
								</line>
								<line number="210" hits="0" branch="false"/>
								<line number="214" hits="0" branch="false"/>
							</lines>
						</method>
						<method name="validateUsernameIsDuplicate" signature="(Lfpt/dir/sampleweb/model/AppUser;Lorg/springframework/validation/Errors;)V" line-rate="0.0" branch-rate="0.0">
							<lines>
								<line number="267" hits="0" branch="true" condition-coverage="0% (0/2)">
									<conditions>
										<condition number="0" type="jump" coverage="0%"/>
									</conditions>
								</line>
								<line number="269" hits="0" branch="false"/>
								<line number="273" hits="0" branch="false"/>
							</lines>
						</method>
						<method name="validateUsernameIsEmpty" signature="(Lorg/springframework/validation/Errors;)V" line-rate="0.0" branch-rate="1.0">
							<lines>
								<line number="288" hits="0" branch="false"/>
								<line number="290" hits="0" branch="false"/>
							</lines>
						</method>
						<method name="validateUsernameSize" signature="(Lfpt/dir/sampleweb/model/AppUser;Lorg/springframework/validation/Errors;)V" line-rate="0.0" branch-rate="0.0">
							<lines>
								<line number="244" hits="0" branch="true" condition-coverage="0% (0/6)">
									<conditions>
										<condition number="0" type="jump" coverage="0%"/>
										<condition number="1" type="jump" coverage="0%"/>
										<condition number="2" type="jump" coverage="0%"/>
									</conditions>
								</line>
								<line number="247" hits="0" branch="false"/>
								<line number="251" hits="0" branch="false"/>
							</lines>
						</method>
					</methods>
					<lines>
						<line number="39" hits="0" branch="false"/>
						<line number="67" hits="0" branch="false"/>
						<line number="85" hits="0" branch="false"/>
						<line number="87" hits="0" branch="false"/>
						<line number="88" hits="0" branch="false"/>
						<line number="89" hits="0" branch="false"/>
						<line number="90" hits="0" branch="false"/>
						<line number="92" hits="0" branch="false"/>
						<line number="107" hits="0" branch="false"/>
						<line number="108" hits="0" branch="false"/>
						<line number="109" hits="0" branch="false"/>
						<line number="110" hits="0" branch="false"/>
						<line number="111" hits="0" branch="false"/>
						<line number="113" hits="0" branch="false"/>
						<line number="128" hits="0" branch="false"/>
						<line number="130" hits="0" branch="false"/>
						<line number="156" hits="0" branch="false"/>
						<line number="160" hits="0" branch="false"/>
						<line number="162" hits="0" branch="true" condition-coverage="0% (0/4)">
							<conditions>
								<condition number="0" type="jump" coverage="0%"/>
								<condition number="1" type="jump" coverage="0%"/>
							</conditions>
						</line>
						<line number="164" hits="0" branch="false"/>
						<line number="168" hits="0" branch="false"/>
						<line number="184" hits="0" branch="true" condition-coverage="0% (0/2)">
							<conditions>
								<condition number="0" type="jump" coverage="0%"/>
							</conditions>
						</line>
						<line number="186" hits="0" branch="false"/>
						<line number="190" hits="0" branch="false"/>
						<line number="207" hits="0" branch="true" condition-coverage="0% (0/6)">
							<conditions>
								<condition number="0" type="jump" coverage="0%"/>
								<condition number="1" type="jump" coverage="0%"/>
								<condition number="2" type="jump" coverage="0%"/>
							</conditions>
						</line>
						<line number="210" hits="0" branch="false"/>
						<line number="214" hits="0" branch="false"/>
						<line number="229" hits="0" branch="false"/>
						<line number="231" hits="0" branch="false"/>
						<line number="244" hits="0" branch="true" condition-coverage="0% (0/6)">
							<conditions>
								<condition number="0" type="jump" coverage="0%"/>
								<condition number="1" type="jump" coverage="0%"/>
								<condition number="2" type="jump" coverage="0%"/>
							</conditions>
						</line>
						<line number="247" hits="0" branch="false"/>
						<line number="251" hits="0" branch="false"/>
						<line number="267" hits="0" branch="true" condition-coverage="0% (0/2)">
							<conditions>
								<condition number="0" type="jump" coverage="0%"/>
							</conditions>
						</line>
						<line number="269" hits="0" branch="false"/>
						<line number="273" hits="0" branch="false"/>
						<line number="288" hits="0" branch="false"/>
						<line number="290" hits="0" branch="false"/>
					</lines>
				</class>
			</classes>
		</package>
		<package name="fpt.dir.sampleweb.web" line-rate="0.0" branch-rate="0.0" complexity="1.7">
			<classes>
				<class name="fpt.dir.sampleweb.web.UserController" filename="fpt/dir/sampleweb/web/UserController.java" line-rate="0.0" branch-rate="0.0" complexity="1.7">
					<methods>
						<method name="&lt;init&gt;" signature="()V" line-rate="0.0" branch-rate="1.0">
							<lines>
								<line number="30" hits="0" branch="false"/>
							</lines>
						</method>
						<method name="accesssDenied" signature="(Lorg/springframework/ui/Model;)Ljava/lang/String;" line-rate="0.0" branch-rate="0.0">
							<lines>
								<line number="230" hits="0" branch="false"/>
								<line number="232" hits="0" branch="true" condition-coverage="0% (0/2)">
									<conditions>
										<condition number="0" type="jump" coverage="0%"/>
									</conditions>
								</line>
								<line number="234" hits="0" branch="false"/>
								<line number="236" hits="0" branch="false"/>
								<line number="238" hits="0" branch="false"/>
								<line number="242" hits="0" branch="false"/>
							</lines>
						</method>
						<method name="deleteUser" signature="(JLorg/springframework/ui/Model;)Ljava/lang/String;" line-rate="0.0" branch-rate="1.0">
							<lines>
								<line number="215" hits="0" branch="false"/>
								<line number="217" hits="0" branch="false"/>
							</lines>
						</method>
						<method name="edit" signature="(JLorg/springframework/ui/Model;)Ljava/lang/String;" line-rate="0.0" branch-rate="1.0">
							<lines>
								<line number="170" hits="0" branch="false"/>
								<line number="172" hits="0" branch="false"/>
								<line number="174" hits="0" branch="false"/>
							</lines>
						</method>
						<method name="edit" signature="(Lfpt/dir/sampleweb/model/AppUser;Lorg/springframework/validation/BindingResult;)Ljava/lang/String;" line-rate="0.0" branch-rate="0.0">
							<lines>
								<line number="188" hits="0" branch="false"/>
								<line number="190" hits="0" branch="false"/>
								<line number="192" hits="0" branch="false"/>
								<line number="194" hits="0" branch="true" condition-coverage="0% (0/2)">
									<conditions>
										<condition number="0" type="jump" coverage="0%"/>
									</conditions>
								</line>
								<line number="196" hits="0" branch="false"/>
								<line number="200" hits="0" branch="false"/>
								<line number="202" hits="0" branch="false"/>
							</lines>
						</method>
						<method name="home" signature="()Ljava/lang/String;" line-rate="0.0" branch-rate="1.0">
							<lines>
								<line number="155" hits="0" branch="false"/>
							</lines>
						</method>
						<method name="login" signature="(Lorg/springframework/ui/Model;Ljava/lang/String;Ljava/lang/String;)Ljava/lang/String;" line-rate="0.0" branch-rate="0.0">
							<lines>
								<line number="94" hits="0" branch="false"/>
								<line number="97" hits="0" branch="false"/>
								<line number="99" hits="0" branch="true" condition-coverage="0% (0/2)">
									<conditions>
										<condition number="0" type="jump" coverage="0%"/>
									</conditions>
								</line>
								<line number="101" hits="0" branch="false"/>
								<line number="105" hits="0" branch="true" condition-coverage="0% (0/2)">
									<conditions>
										<condition number="0" type="jump" coverage="0%"/>
									</conditions>
								</line>
								<line number="107" hits="0" branch="false"/>
								<line number="111" hits="0" branch="false"/>
							</lines>
						</method>
						<method name="registration" signature="(Lfpt/dir/sampleweb/model/AppUser;Lorg/springframework/validation/BindingResult;)Ljava/lang/String;" line-rate="0.0" branch-rate="0.0">
							<lines>
								<line number="65" hits="0" branch="false"/>
								<line number="67" hits="0" branch="true" condition-coverage="0% (0/2)">
									<conditions>
										<condition number="0" type="jump" coverage="0%"/>
									</conditions>
								</line>
								<line number="69" hits="0" branch="false"/>
								<line number="73" hits="0" branch="false"/>
								<line number="78" hits="0" branch="false"/>
							</lines>
						</method>
						<method name="registration" signature="(Lorg/springframework/ui/Model;)Ljava/lang/String;" line-rate="0.0" branch-rate="1.0">
							<lines>
								<line number="48" hits="0" branch="false"/>
								<line number="50" hits="0" branch="false"/>
							</lines>
						</method>
						<method name="showLoggedout" signature="()Ljava/lang/String;" line-rate="0.0" branch-rate="1.0">
							<lines>
								<line number="124" hits="0" branch="false"/>
							</lines>
						</method>
						<method name="userList" signature="(Lorg/springframework/ui/Model;)Ljava/lang/String;" line-rate="0.0" branch-rate="1.0">
							<lines>
								<line number="138" hits="0" branch="false"/>
								<line number="140" hits="0" branch="false"/>
								<line number="142" hits="0" branch="false"/>
							</lines>
						</method>
					</methods>
					<lines>
						<line number="30" hits="0" branch="false"/>
						<line number="48" hits="0" branch="false"/>
						<line number="50" hits="0" branch="false"/>
						<line number="65" hits="0" branch="false"/>
						<line number="67" hits="0" branch="true" condition-coverage="0% (0/2)">
							<conditions>
								<condition number="0" type="jump" coverage="0%"/>
							</conditions>
						</line>
						<line number="69" hits="0" branch="false"/>
						<line number="73" hits="0" branch="false"/>
						<line number="78" hits="0" branch="false"/>
						<line number="94" hits="0" branch="false"/>
						<line number="97" hits="0" branch="false"/>
						<line number="99" hits="0" branch="true" condition-coverage="0% (0/2)">
							<conditions>
								<condition number="0" type="jump" coverage="0%"/>
							</conditions>
						</line>
						<line number="101" hits="0" branch="false"/>
						<line number="105" hits="0" branch="true" condition-coverage="0% (0/2)">
							<conditions>
								<condition number="0" type="jump" coverage="0%"/>
							</conditions>
						</line>
						<line number="107" hits="0" branch="false"/>
						<line number="111" hits="0" branch="false"/>
						<line number="124" hits="0" branch="false"/>
						<line number="138" hits="0" branch="false"/>
						<line number="140" hits="0" branch="false"/>
						<line number="142" hits="0" branch="false"/>
						<line number="155" hits="0" branch="false"/>
						<line number="170" hits="0" branch="false"/>
						<line number="172" hits="0" branch="false"/>
						<line number="174" hits="0" branch="false"/>
						<line number="188" hits="0" branch="false"/>
						<line number="190" hits="0" branch="false"/>
						<line number="192" hits="0" branch="false"/>
						<line number="194" hits="0" branch="true" condition-coverage="0% (0/2)">
							<conditions>
								<condition number="0" type="jump" coverage="0%"/>
							</conditions>
						</line>
						<line number="196" hits="0" branch="false"/>
						<line number="200" hits="0" branch="false"/>
						<line number="202" hits="0" branch="false"/>
						<line number="215" hits="0" branch="false"/>
						<line number="217" hits="0" branch="false"/>
						<line number="230" hits="0" branch="false"/>
						<line number="232" hits="0" branch="true" condition-coverage="0% (0/2)">
							<conditions>
								<condition number="0" type="jump" coverage="0%"/>
							</conditions>
						</line>
						<line number="234" hits="0" branch="false"/>
						<line number="236" hits="0" branch="false"/>
						<line number="238" hits="0" branch="false"/>
						<line number="242" hits="0" branch="false"/>
					</lines>
				</class>
			</classes>
		</package>
	</packages>
</coverage>
