<?xml version="1.0" encoding="UTF-8"?>
<testsuite name="fpt.dir.sampleweb.repository.UserRepositoryTest" time="0.306" tests="8" errors="0" skipped="0" failures="0">
  <properties>
[...]
</properties>
  <testcase name="UT_20_testFindAll" classname="fpt.dir.sampleweb.repository.UserRepositoryTest" time="0.213"/>
  <testcase name="UT_23_testSave" classname="fpt.dir.sampleweb.repository.UserRepositoryTest" time="0.038"/>
  <testcase name="UT_22_testDelete" classname="fpt.dir.sampleweb.repository.UserRepositoryTest" time="0.022"/>
  <testcase name="UT_18_testFindByIdExist" classname="fpt.dir.sampleweb.repository.UserRepositoryTest" time="0.008"/>
  <testcase name="UT_21_testDeleteById" classname="fpt.dir.sampleweb.repository.UserRepositoryTest" time="0.011"/>
  <testcase name="UT_17_testFindByUsernameNotExist" classname="fpt.dir.sampleweb.repository.UserRepositoryTest" time="0.004"/>
  <testcase name="UT_19_testFindByIdNotExist" classname="fpt.dir.sampleweb.repository.UserRepositoryTest" time="0.004"/>
  <testcase name="UT_435_testFindByUsernameExist" classname="fpt.dir.sampleweb.repository.UserRepositoryTest" time="0.006"/>
</testsuite>