<?xml version="1.0" encoding="UTF-8" ?>
<testsuite failures="0" time="0.711" errors="0" skipped="0" tests="4" name="fpt.dir.sampleweb.batchtest.UserIntegrationTest">
  <properties>
[...]
</properties>
  <testcase time="0.064" classname="fpt.dir.sampleweb.batchtest.UserIntegrationTest" name="loginView"/>
  <testcase time="0.381" classname="fpt.dir.sampleweb.batchtest.UserIntegrationTest" name="createUser"/>
  <testcase time="0.234" classname="fpt.dir.sampleweb.batchtest.UserIntegrationTest" name="editUser"/>
  <testcase time="0.032" classname="fpt.dir.sampleweb.batchtest.UserIntegrationTest" name="deleteUser"/>
</testsuite>